This file contains any messages produced by compilers while
running configure, to aid debugging if configure makes a mistake.

It was created by configure, which was
generated by GNU Autoconf 2.53.  Invocation command line was

  $ ./configure --enable-perl

## --------- ##
## Platform. ##
## --------- ##

hostname = localhost.localdomain
uname -m = i686
uname -r = 2.6.35.6-48.fc14.i686
uname -s = Linux
uname -v = #1 SMP Fri Oct 22 15:34:36 UTC 2010

/usr/bin/uname -p = unknown
/bin/uname -X     = unknown

/bin/arch              = i686
/usr/bin/arch -k       = unknown
/usr/convex/getsysinfo = unknown
hostinfo               = unknown
/bin/machine           = unknown
/usr/bin/oslevel       = unknown
/bin/universe          = unknown

PATH: /usr/lib/qt-3.3/bin
PATH: /usr/lib/ccache
PATH: /usr/local/bin
PATH: /usr/bin
PATH: /bin
PATH: /usr/local/sbin
PATH: /usr/sbin
PATH: /sbin
PATH: /home/Naresh/bin


## ----------- ##
## Core tests. ##
## ----------- ##

configure:1227: checking for a BSD-compatible install
configure:1281: result: /usr/bin/install -c
configure:1292: checking whether build environment is sane
configure:1335: result: yes
configure:1350: checking whether make sets ${MAKE}
configure:1370: result: yes
configure:1402: checking for working aclocal
configure:1409: result: found
configure:1417: checking for working autoconf
configure:1424: result: found
configure:1432: checking for working automake
configure:1439: result: found
configure:1447: checking for working autoheader
configure:1454: result: found
configure:1462: checking for working makeinfo
configure:1469: result: found
configure:1483: checking whether build environment is sane
configure:1526: result: yes
configure:1579: checking for gcc
configure:1595: found /usr/lib/ccache/gcc
configure:1605: result: gcc
configure:1849: checking for C compiler version
configure:1852: gcc --version </dev/null >&5
gcc (GCC) 4.5.1 20100924 (Red Hat 4.5.1-4)
Copyright (C) 2010 Free Software Foundation, Inc.
This is free software; see the source for copying conditions.  There is NO
warranty; not even for MERCHANTABILITY or FITNESS FOR A PARTICULAR PURPOSE.

configure:1855: $? = 0
configure:1857: gcc -v </dev/null >&5
Using built-in specs.
COLLECT_GCC=/usr/bin/gcc
COLLECT_LTO_WRAPPER=/usr/libexec/gcc/i686-redhat-linux/4.5.1/lto-wrapper
Target: i686-redhat-linux
Configured with: ../configure --prefix=/usr --mandir=/usr/share/man --infodir=/usr/share/info --with-bugurl=http://bugzilla.redhat.com/bugzilla --enable-bootstrap --enable-shared --enable-threads=posix --enable-checking=release --with-system-zlib --enable-__cxa_atexit --disable-libunwind-exceptions --enable-gnu-unique-object --enable-linker-build-id --enable-languages=c,c++,objc,obj-c++,java,fortran,ada,lto --enable-plugin --enable-java-awt=gtk --disable-dssi --with-java-home=/usr/lib/jvm/java-1.5.0-gcj-1.5.0.0/jre --enable-libgcj-multifile --enable-java-maintainer-mode --with-ecj-jar=/usr/share/java/eclipse-ecj.jar --disable-libjava-multilib --with-ppl --with-cloog --with-tune=generic --with-arch=i686 --build=i686-redhat-linux
Thread model: posix
gcc version 4.5.1 20100924 (Red Hat 4.5.1-4) (GCC) 
configure:1860: $? = 0
configure:1862: gcc -V </dev/null >&5
gcc: '-V' option must have argument
configure:1865: $? = 1
configure:1891: checking for C compiler default output
configure:1894: gcc    conftest.c  >&5
configure:1897: $? = 0
configure:1930: result: a.out
configure:1935: checking whether the C compiler works
configure:1941: ./a.out
configure:1944: $? = 0
configure:1959: result: yes
configure:1966: checking whether we are cross compiling
configure:1968: result: no
configure:1971: checking for suffix of executables
configure:1973: gcc -o conftest    conftest.c  >&5
configure:1976: $? = 0
configure:1998: result: 
configure:2004: checking for suffix of object files
configure:2028: gcc -c   conftest.c >&5
configure:2031: $? = 0
configure:2050: result: o
configure:2054: checking whether we are using the GNU C compiler
configure:2081: gcc -c   conftest.c >&5
configure:2084: $? = 0
configure:2087: test -s conftest.o
configure:2090: $? = 0
configure:2102: result: yes
configure:2108: checking whether gcc accepts -g
configure:2132: gcc -c -g  conftest.c >&5
configure:2135: $? = 0
configure:2138: test -s conftest.o
configure:2141: $? = 0
configure:2151: result: yes
configure:2178: gcc -c -g -O2  conftest.c >&5
conftest.c:2:9: error: expected '=', ',', ';', 'asm' or '__attribute__' before 'me'
configure:2181: $? = 1
configure: failed program was:
#ifndef __cplusplus
  choke me
#endif
configure:2294: checking for socket in -lsocket
configure:2327: gcc -o conftest -g -O2   conftest.c -lsocket   >&5
/usr/bin/ld: cannot find -lsocket
collect2: ld returned 1 exit status
configure:2330: $? = 1
configure: failed program was:
#line 2301 "configure"
#include "confdefs.h"

/* Override any gcc2 internal prototype to avoid an error.  */
#ifdef __cplusplus
extern "C"
#endif
/* We use char because int might match the return type of a gcc2
   builtin and then its argument prototype would still apply.  */
char socket ();
#ifdef F77_DUMMY_MAIN
#  ifdef __cplusplus
     extern "C"
#  endif
   int F77_DUMMY_MAIN() { return 1; }
#endif
int
main ()
{
socket ();
  ;
  return 0;
}
configure:2347: result: no
configure:2359: checking for gethostbyname in -lnsl
configure:2392: gcc -o conftest -g -O2   conftest.c -lnsl   >&5
configure:2395: $? = 0
configure:2398: test -s conftest
configure:2401: $? = 0
configure:2412: result: yes
configure:2424: checking for crypt in -lcrypt
configure:2457: gcc -o conftest -g -O2   conftest.c -lcrypt  -lnsl  >&5
configure:2460: $? = 0
configure:2463: test -s conftest
configure:2466: $? = 0
configure:2477: result: yes
configure:2489: checking for crypt in -lcrypto
configure:2522: gcc -o conftest -g -O2   conftest.c -lcrypto  -lcrypt -lnsl  >&5
configure:2525: $? = 0
configure:2528: test -s conftest
configure:2531: $? = 0
configure:2542: result: yes
configure:2559: checking how to run the C preprocessor
configure:2585: gcc -E  conftest.c
configure:2591: $? = 0
configure:2618: gcc -E  conftest.c
configure:2614:28: fatal error: ac_nonexistent.h: No such file or directory
compilation terminated.
configure:2624: $? = 1
configure: failed program was:
#line 2613 "configure"
#include "confdefs.h"
#include <ac_nonexistent.h>
configure:2661: result: gcc -E
configure:2676: gcc -E  conftest.c
configure:2682: $? = 0
configure:2709: gcc -E  conftest.c
configure:2705:28: fatal error: ac_nonexistent.h: No such file or directory
compilation terminated.
configure:2715: $? = 1
configure: failed program was:
#line 2704 "configure"
#include "confdefs.h"
#include <ac_nonexistent.h>
configure:2755: checking for ANSI C header files
configure:2769: gcc -E  conftest.c
configure:2775: $? = 0
configure:2862: gcc -o conftest -g -O2   conftest.c -lcrypto -lcrypt -lnsl  >&5
configure: In function 'main':
configure:2853:7: warning: incompatible implicit declaration of built-in function 'exit'
configure:2865: $? = 0
configure:2867: ./conftest
configure:2870: $? = 0
configure:2884: result: yes
configure:2908: checking for sys/types.h
configure:2921: gcc -c -g -O2  conftest.c >&5
configure:2924: $? = 0
configure:2927: test -s conftest.o
configure:2930: $? = 0
configure:2940: result: yes
configure:2908: checking for sys/stat.h
configure:2921: gcc -c -g -O2  conftest.c >&5
configure:2924: $? = 0
configure:2927: test -s conftest.o
configure:2930: $? = 0
configure:2940: result: yes
configure:2908: checking for stdlib.h
configure:2921: gcc -c -g -O2  conftest.c >&5
configure:2924: $? = 0
configure:2927: test -s conftest.o
configure:2930: $? = 0
configure:2940: result: yes
configure:2908: checking for string.h
configure:2921: gcc -c -g -O2  conftest.c >&5
configure:2924: $? = 0
configure:2927: test -s conftest.o
configure:2930: $? = 0
configure:2940: result: yes
configure:2908: checking for memory.h
configure:2921: gcc -c -g -O2  conftest.c >&5
configure:2924: $? = 0
configure:2927: test -s conftest.o
configure:2930: $? = 0
configure:2940: result: yes
configure:2908: checking for strings.h
configure:2921: gcc -c -g -O2  conftest.c >&5
configure:2924: $? = 0
configure:2927: test -s conftest.o
configure:2930: $? = 0
configure:2940: result: yes
configure:2908: checking for inttypes.h
configure:2921: gcc -c -g -O2  conftest.c >&5
configure:2924: $? = 0
configure:2927: test -s conftest.o
configure:2930: $? = 0
configure:2940: result: yes
configure:2908: checking for stdint.h
configure:2921: gcc -c -g -O2  conftest.c >&5
configure:2924: $? = 0
configure:2927: test -s conftest.o
configure:2930: $? = 0
configure:2940: result: yes
configure:2908: checking for unistd.h
configure:2921: gcc -c -g -O2  conftest.c >&5
configure:2924: $? = 0
configure:2927: test -s conftest.o
configure:2930: $? = 0
configure:2940: result: yes
configure:2971: checking crypt.h usability
configure:2980: gcc -c -g -O2  conftest.c >&5
configure:2983: $? = 0
configure:2986: test -s conftest.o
configure:2989: $? = 0
configure:2998: result: yes
configure:3002: checking crypt.h presence
configure:3009: gcc -E  conftest.c
configure:3015: $? = 0
configure:3033: result: yes
configure:3051: checking for crypt.h
configure:3058: result: yes
configure:2971: checking fcntl.h usability
configure:2980: gcc -c -g -O2  conftest.c >&5
configure:2983: $? = 0
configure:2986: test -s conftest.o
configure:2989: $? = 0
configure:2998: result: yes
configure:3002: checking fcntl.h presence
configure:3009: gcc -E  conftest.c
configure:3015: $? = 0
configure:3033: result: yes
configure:3051: checking for fcntl.h
configure:3058: result: yes
configure:2971: checking malloc.h usability
configure:2980: gcc -c -g -O2  conftest.c >&5
configure:2983: $? = 0
configure:2986: test -s conftest.o
configure:2989: $? = 0
configure:2998: result: yes
configure:3002: checking malloc.h presence
configure:3009: gcc -E  conftest.c
configure:3015: $? = 0
configure:3033: result: yes
configure:3051: checking for malloc.h
configure:3058: result: yes
configure:2971: checking sys/poll.h usability
configure:2980: gcc -c -g -O2  conftest.c >&5
configure:2983: $? = 0
configure:2986: test -s conftest.o
configure:2989: $? = 0
configure:2998: result: yes
configure:3002: checking sys/poll.h presence
configure:3009: gcc -E  conftest.c
configure:3015: $? = 0
configure:3033: result: yes
configure:3051: checking for sys/poll.h
configure:3058: result: yes
configure:2971: checking sys/select.h usability
configure:2980: gcc -c -g -O2  conftest.c >&5
configure:2983: $? = 0
configure:2986: test -s conftest.o
configure:2989: $? = 0
configure:2998: result: yes
configure:3002: checking sys/select.h presence
configure:3009: gcc -E  conftest.c
configure:3015: $? = 0
configure:3033: result: yes
configure:3051: checking for sys/select.h
configure:3058: result: yes
configure:2971: checking sys/time.h usability
configure:2980: gcc -c -g -O2  conftest.c >&5
configure:2983: $? = 0
configure:2986: test -s conftest.o
configure:2989: $? = 0
configure:2998: result: yes
configure:3002: checking sys/time.h presence
configure:3009: gcc -E  conftest.c
configure:3015: $? = 0
configure:3033: result: yes
configure:3051: checking for sys/time.h
configure:3058: result: yes
configure:3086: checking syslog.h usability
configure:3095: gcc -c -g -O2  conftest.c >&5
configure:3098: $? = 0
configure:3101: test -s conftest.o
configure:3104: $? = 0
configure:3113: result: yes
configure:3117: checking syslog.h presence
configure:3124: gcc -E  conftest.c
configure:3130: $? = 0
configure:3148: result: yes
configure:3166: checking for syslog.h
configure:3173: result: yes
configure:3077: checking for unistd.h
configure:3082: result: yes
configure:3187: checking for gcc option to accept ANSI C
configure:3250: gcc  -c -g -O2  conftest.c >&5
configure:3253: $? = 0
configure:3256: test -s conftest.o
configure:3259: $? = 0
configure:3276: result: none needed
configure:3284: checking for an ANSI C-conforming const
configure:3354: gcc -c -g -O2  conftest.c >&5
configure:3357: $? = 0
configure:3360: test -s conftest.o
configure:3363: $? = 0
configure:3373: result: yes
configure:3383: checking whether time.h and sys/time.h may both be included
configure:3411: gcc -c -g -O2  conftest.c >&5
configure:3414: $? = 0
configure:3417: test -s conftest.o
configure:3420: $? = 0
configure:3430: result: yes
configure:3440: checking for mode_t
configure:3467: gcc -c -g -O2  conftest.c >&5
configure:3470: $? = 0
configure:3473: test -s conftest.o
configure:3476: $? = 0
configure:3486: result: yes
configure:3498: checking for pid_t
configure:3525: gcc -c -g -O2  conftest.c >&5
configure:3528: $? = 0
configure:3531: test -s conftest.o
configure:3534: $? = 0
configure:3544: result: yes
configure:3561: checking for vprintf
configure:3604: gcc -o conftest -g -O2   conftest.c -lcrypto -lcrypt -lnsl  >&5
configure:3576:6: warning: conflicting types for built-in function 'vprintf'
configure:3607: $? = 0
configure:3610: test -s conftest
configure:3613: $? = 0
configure:3623: result: yes
configure:3630: checking for _doprnt
configure:3673: gcc -o conftest -g -O2   conftest.c -lcrypto -lcrypt -lnsl  >&5
/tmp/ccoIPxVR.o: In function `main':
/home/Naresh/Projects/SysSec/FBOpenDCHub/configure:3663: undefined reference to `_doprnt'
collect2: ld returned 1 exit status
configure:3676: $? = 1
configure: failed program was:
#line 3635 "configure"
#include "confdefs.h"
/* System header to define __stub macros and hopefully few prototypes,
    which can conflict with char _doprnt (); below.  */
#include <assert.h>
/* Override any gcc2 internal prototype to avoid an error.  */
#ifdef __cplusplus
extern "C"
#endif
/* We use char because int might match the return type of a gcc2
   builtin and then its argument prototype would still apply.  */
char _doprnt ();
char (*f) ();

#ifdef F77_DUMMY_MAIN
#  ifdef __cplusplus
     extern "C"
#  endif
   int F77_DUMMY_MAIN() { return 1; }
#endif
int
main ()
{
/* The GNU C library defines this for functions which it implements
    to always fail with ENOSYS.  Some functions are actually named
    something starting with __ and the normal name is an alias.  */
#if defined (__stub__doprnt) || defined (__stub____doprnt)
choke me
#else
f = _doprnt;
#endif

  ;
  return 0;
}
configure:3692: result: no
configure:3717: checking for gethostname
configure:3760: gcc -o conftest -g -O2   conftest.c -lcrypto -lcrypt -lnsl  >&5
configure:3763: $? = 0
configure:3766: test -s conftest
configure:3769: $? = 0
configure:3779: result: yes
configure:3717: checking for mkdir
configure:3760: gcc -o conftest -g -O2   conftest.c -lcrypto -lcrypt -lnsl  >&5
configure:3763: $? = 0
configure:3766: test -s conftest
configure:3769: $? = 0
configure:3779: result: yes
configure:3717: checking for poll
configure:3760: gcc -o conftest -g -O2   conftest.c -lcrypto -lcrypt -lnsl  >&5
configure:3763: $? = 0
configure:3766: test -s conftest
configure:3769: $? = 0
configure:3779: result: yes
configure:3717: checking for select
configure:3760: gcc -o conftest -g -O2   conftest.c -lcrypto -lcrypt -lnsl  >&5
configure:3763: $? = 0
configure:3766: test -s conftest
configure:3769: $? = 0
configure:3779: result: yes
configure:3717: checking for socket
configure:3760: gcc -o conftest -g -O2   conftest.c -lcrypto -lcrypt -lnsl  >&5
configure:3763: $? = 0
configure:3766: test -s conftest
configure:3769: $? = 0
configure:3779: result: yes
configure:3717: checking for strstr
configure:3760: gcc -o conftest -g -O2   conftest.c -lcrypto -lcrypt -lnsl  >&5
configure:3732:6: warning: conflicting types for built-in function 'strstr'
configure:3763: $? = 0
configure:3766: test -s conftest
configure:3769: $? = 0
configure:3779: result: yes
configure:3717: checking for strtoll
configure:3760: gcc -o conftest -g -O2   conftest.c -lcrypto -lcrypt -lnsl  >&5
configure:3763: $? = 0
configure:3766: test -s conftest
configure:3769: $? = 0
configure:3779: result: yes
configure:3717: checking for strtoq
configure:3760: gcc -o conftest -g -O2   conftest.c -lcrypto -lcrypt -lnsl  >&5
configure:3763: $? = 0
configure:3766: test -s conftest
configure:3769: $? = 0
configure:3779: result: yes
configure:4512: creating ./config.status

## ---------------------- ##
## Running config.status. ##
## ---------------------- ##

This file was extended by config.status, which was
generated by GNU Autoconf 2.53.  Invocation command line was

  CONFIG_FILES    = 
  CONFIG_HEADERS  = 
  CONFIG_LINKS    = 
  CONFIG_COMMANDS = 
  $ ./config.status 

on localhost.localdomain

config.status:590: creating Makefile
config.status:590: creating src/Makefile
config.status:694: creating config.h
config.status:956: executing default-1 commands

## ---------------- ##
## Cache variables. ##
## ---------------- ##

ac_cv_c_compiler_gnu=yes
ac_cv_c_const=yes
ac_cv_env_CC_set=
ac_cv_env_CC_value=
ac_cv_env_CFLAGS_set=
ac_cv_env_CFLAGS_value=
ac_cv_env_CPPFLAGS_set=
ac_cv_env_CPPFLAGS_value=
ac_cv_env_CPP_set=
ac_cv_env_CPP_value=
ac_cv_env_LDFLAGS_set=
ac_cv_env_LDFLAGS_value=
ac_cv_env_build_alias_set=
ac_cv_env_build_alias_value=
ac_cv_env_host_alias_set=
ac_cv_env_host_alias_value=
ac_cv_env_target_alias_set=
ac_cv_env_target_alias_value=
ac_cv_exeext=
ac_cv_func__doprnt=no
ac_cv_func_gethostname=yes
ac_cv_func_mkdir=yes
ac_cv_func_poll=yes
ac_cv_func_select=yes
ac_cv_func_socket=yes
ac_cv_func_strstr=yes
ac_cv_func_strtoll=yes
ac_cv_func_strtoq=yes
ac_cv_func_vprintf=yes
ac_cv_header_crypt_h=yes
ac_cv_header_fcntl_h=yes
ac_cv_header_inttypes_h=yes
ac_cv_header_malloc_h=yes
ac_cv_header_memory_h=yes
ac_cv_header_stdc=yes
ac_cv_header_stdint_h=yes
ac_cv_header_stdlib_h=yes
ac_cv_header_string_h=yes
ac_cv_header_strings_h=yes
ac_cv_header_sys_poll_h=yes
ac_cv_header_sys_select_h=yes
ac_cv_header_sys_stat_h=yes
ac_cv_header_sys_time_h=yes
ac_cv_header_sys_types_h=yes
ac_cv_header_syslog_h=yes
ac_cv_header_time=yes
ac_cv_header_unistd_h=yes
ac_cv_lib_crypt_crypt=yes
ac_cv_lib_crypto_crypt=yes
ac_cv_lib_nsl_gethostbyname=yes
ac_cv_lib_socket_socket=no
ac_cv_objext=o
ac_cv_path_install='/usr/bin/install -c'
ac_cv_prog_CPP='gcc -E'
ac_cv_prog_ac_ct_CC=gcc
ac_cv_prog_cc_g=yes
ac_cv_prog_cc_stdc=
ac_cv_prog_make_make_set=yes
ac_cv_type_mode_t=yes
ac_cv_type_pid_t=yes

## ----------- ##
## confdefs.h. ##
## ----------- ##

#define PACKAGE_NAME ""
#define PACKAGE_TARNAME ""
#define PACKAGE_VERSION ""
#define PACKAGE_STRING ""
#define PACKAGE_BUGREPORT ""
#define PACKAGE "opendchub"
#define VERSION "0.7.16"
#define _GNU_SOURCE 1
#define HAVE_LIBNSL 1
#define HAVE_LIBCRYPT 1
#define HAVE_LIBCRYPTO 1
#define STDC_HEADERS 1
#define HAVE_SYS_TYPES_H 1
#define HAVE_SYS_STAT_H 1
#define HAVE_STDLIB_H 1
#define HAVE_STRING_H 1
#define HAVE_MEMORY_H 1
#define HAVE_STRINGS_H 1
#define HAVE_INTTYPES_H 1
#define HAVE_STDINT_H 1
#define HAVE_UNISTD_H 1
#define HAVE_CRYPT_H 1
#define HAVE_FCNTL_H 1
#define HAVE_MALLOC_H 1
#define HAVE_SYS_POLL_H 1
#define HAVE_SYS_SELECT_H 1
#define HAVE_SYS_TIME_H 1
#define HAVE_SYSLOG_H 1
#define HAVE_UNISTD_H 1
#define TIME_WITH_SYS_TIME 1
#define HAVE_VPRINTF 1
#define HAVE_GETHOSTNAME 1
#define HAVE_MKDIR 1
#define HAVE_POLL 1
#define HAVE_SELECT 1
#define HAVE_SOCKET 1
#define HAVE_STRSTR 1
#define HAVE_STRTOLL 1
#define HAVE_STRTOQ 1

configure: exit 0

## ---------------------- ##
## Running config.status. ##
## ---------------------- ##

This file was extended by config.status, which was
generated by GNU Autoconf 2.53.  Invocation command line was

  CONFIG_FILES    = src/Makefile
  CONFIG_HEADERS  = 
  CONFIG_LINKS    = 
  CONFIG_COMMANDS = 
  $ ./config.status 

on localhost.localdomain

config.status:590: creating src/Makefile
config.status:956: executing default-1 commands

## ---------------------- ##
## Running config.status. ##
## ---------------------- ##

This file was extended by config.status, which was
generated by GNU Autoconf 2.53.  Invocation command line was

  CONFIG_FILES    = src/Makefile
  CONFIG_HEADERS  = 
  CONFIG_LINKS    = 
  CONFIG_COMMANDS = 
  $ ./config.status 

on localhost.localdomain

config.status:590: creating src/Makefile
config.status:956: executing default-1 commands
